<?xml version="1.0" encoding="UTF-8"?>
<!-- Generated by org.testng.reporters.JUnitReportReporter -->
<testsuite hostname="zhu" name="com.selenium.Glen.browser.StartChromeBrowser" tests="1" failures="0" timestamp="30 Jul 2016 07:10:54 GMT" time="3.726" errors="0">
  <testcase name="startChrome" time="3.726" classname="com.selenium.Glen.browser.StartChromeBrowser"/>
</testsuite> <!-- com.selenium.Glen.browser.StartChromeBrowser -->
