<?xml version="1.0" encoding="UTF-8"?>
<!-- Generated by org.testng.reporters.JUnitReportReporter -->
<testsuite hostname="zhu" name="com.selenium.Glen.browser.StartIFireforeBrowser" tests="1" failures="0" timestamp="30 Jul 2016 06:59:35 GMT" time="32.100" errors="0">
  <testcase name="searchOnBaidu" time="32.100" classname="com.selenium.Glen.browser.StartIFireforeBrowser"/>
</testsuite> <!-- com.selenium.Glen.browser.StartIFireforeBrowser -->
