<?xml version="1.0" encoding="UTF-8"?>
<!-- Generated by org.testng.reporters.JUnitReportReporter -->
<testsuite hostname="zhu" name="com.selenium.Glen.group.Practice1OnTestng" tests="2" failures="0" timestamp="29 May 2016 14:55:36 GMT" time="155.243" errors="0">
  <testcase name="testSunModule2" time="90.292" classname="com.selenium.Glen.group.Practice1OnTestng"/>
  <testcase name="testSunModule1" time="64.951" classname="com.selenium.Glen.group.Practice1OnTestng"/>
</testsuite> <!-- com.selenium.Glen.group.Practice1OnTestng -->
