<?xml version="1.0" encoding="UTF-8"?>
<!-- Generated by org.testng.reporters.JUnitReportReporter -->
<testsuite hostname="zhu" name="com.selenium.Glen.practice4.Practice1OnTestNg" tests="1" failures="0" timestamp="30 May 2016 13:08:47 GMT" time="0.029" errors="0">
  <testcase name="test1" time="0.029" classname="com.selenium.Glen.practice4.Practice1OnTestNg"/>
</testsuite> <!-- com.selenium.Glen.practice4.Practice1OnTestNg -->
