<?xml version="1.0" encoding="UTF-8"?>
<!-- Generated by org.testng.reporters.JUnitReportReporter -->
<testsuite hostname="zhu" name="com.selenium.Glen.browser.StartIEBrowser" tests="1" failures="0" timestamp="30 Jul 2016 07:13:10 GMT" time="16.488" errors="0">
  <testcase name="StartIEBr" time="16.488" classname="com.selenium.Glen.browser.StartIEBrowser"/>
</testsuite> <!-- com.selenium.Glen.browser.StartIEBrowser -->
